Arguments: 
  /home/pannonians/.nvm/versions/node/v16.14.2/bin/node /home/pannonians/.nvm/versions/node/v16.14.2/bin/yarn workspace petar inquirer:start

PATH: 
  /tmp/yarn--1659095787174-0.017048382792295147:/home/pannonians/development/github/learning-js/node_modules/.bin:/home/pannonians/.config/yarn/link/node_modules/.bin:/home/pannonians/development/github/learning-js/node_modules/.bin:/home/pannonians/.nvm/versions/node/v16.14.2/libexec/lib/node_modules/npm/bin/node-gyp-bin:/home/pannonians/.nvm/versions/node/v16.14.2/lib/node_modules/npm/bin/node-gyp-bin:/home/pannonians/.nvm/versions/node/v16.14.2/bin/node_modules/npm/bin/node-gyp-bin:/home/linuxbrew/.linuxbrew/bin:/home/linuxbrew/.linuxbrew/sbin:/home/pannonians/.yarn/bin:/home/pannonians/.gem/ruby/2.7.6/bin:/home/pannonians/.rubies/ruby-2.7.6/lib/ruby/gems/2.7.0/bin:/home/pannonians/.rubies/ruby-2.7.6/bin:/home/linuxbrew/.linuxbrew/bin:/home/linuxbrew/.linuxbrew/sbin:/home/pannonians/.yarn/bin:/home/pannonians/.nvm/versions/node/v16.14.2/bin:/usr/local/sbin:/usr/local/bin:/usr/sbin:/usr/bin:/sbin:/bin:/usr/games:/usr/local/games:/snap/bin

Yarn version: 
  1.22.18

Node version: 
  16.14.2

Platform: 
  linux x64

Trace: 
  SyntaxError: /home/pannonians/development/github/learning-js/petar/package.json: Unexpected token } in JSON at position 229
      at JSON.parse (<anonymous>)
      at /home/pannonians/.nvm/versions/node/v16.14.2/lib/node_modules/yarn/lib/cli.js:1625:59
      at Generator.next (<anonymous>)
      at step (/home/pannonians/.nvm/versions/node/v16.14.2/lib/node_modules/yarn/lib/cli.js:310:30)
      at /home/pannonians/.nvm/versions/node/v16.14.2/lib/node_modules/yarn/lib/cli.js:321:13

npm manifest: 
  {
    "name": "learning-js",
    "version": "1.0.0",
    "private": true,
    "workspaces": ["petar"],
    "description": "**Shortcuts and Most used commands in Linux**",
    "main": "index.js",
    "scripts": {
      "test": "echo \"Error: no test specified\" && exit 1",
      "petar": "yarn workspace petar"
    },
    "repository": {
      "type": "git",
      "url": "git@pannonians.github.com:pvukmanovic-pannonians/learning-js.git"
    },
    "keywords": [],
    "author": "",
    "license": "ISC",
    "type": "commonjs"
  }

yarn manifest: 
  No manifest

Lockfile: 
  # THIS IS AN AUTOGENERATED FILE. DO NOT EDIT THIS FILE DIRECTLY.
  # yarn lockfile v1
