Arguments: 
  /home/david_mandic/.nvm/versions/node/v14.20.0/bin/node /home/david_mandic/.nvm/versions/node/v14.20.0/bin/yarn workspace david start

PATH: 
  /home/david_mandic/.nvm/versions/node/v14.20.0/bin:/usr/local/sbin:/usr/local/bin:/usr/sbin:/usr/bin:/sbin:/bin:/usr/games:/usr/local/games:/mnt/c/Program Files (x86)/Common Files/Oracle/Java/javapath:/mnt/c/Windows/system32:/mnt/c/Windows:/mnt/c/Windows/System32/Wbem:/mnt/c/Windows/System32/WindowsPowerShell/v1.0/:/mnt/c/Windows/System32/OpenSSH/:/mnt/c/Program Files/TortoiseSVN/bin:/mnt/c/Program Files/Java/jdk1.8.0_11/bin:/mnt/c/Program Files/Java/jre8/bin:/mnt/c/Program Files/nodejs/:/mnt/c/Program Files/Git/cmd:/mnt/c/Users/david/AppData/Local/Microsoft/WindowsApps:/mnt/c/Users/david/AppData/Local/Programs/Microsoft VS Code/bin:/mnt/c/Users/david/gradle-7.4/bin:/mnt/c/Users/david/AppData/Roaming/npm:/snap/bin

Yarn version: 
  1.22.19

Node version: 
  14.20.0

Platform: 
  linux x64

Trace: 
  SyntaxError: /home/david_mandic/development/learning-js/david/package.json: Unexpected token } in JSON at position 138
      at JSON.parse (<anonymous>)
      at /home/david_mandic/.nvm/versions/node/v14.20.0/lib/node_modules/yarn/lib/cli.js:1629:59
      at Generator.next (<anonymous>)
      at step (/home/david_mandic/.nvm/versions/node/v14.20.0/lib/node_modules/yarn/lib/cli.js:310:30)
      at /home/david_mandic/.nvm/versions/node/v14.20.0/lib/node_modules/yarn/lib/cli.js:321:13

npm manifest: 
  {
    "name": "david",
    "version": "1.0.0",
    "description": "",
    "main": "index.js",
    "scripts": {
      "start": "node index.js",
      
    },
    "private": true
  }

yarn manifest: 
  No manifest

Lockfile: 
  No lockfile
